This is pdfTeX, Version 3.14159265-2.6-1.40.17 (TeX Live 2016/Debian) (preloaded format=pdflatex 2017.3.16)  8 APR 2017 16:53
entering extended mode
 restricted \write18 enabled.
 %&-line parsing enabled.
**dedicatoria.tex
(./dedicatoria.tex
LaTeX2e <2017/01/01> patch level 3
Babel <3.9r> and hyphenation patterns for 83 language(s) loaded.
! Undefined control sequence.
l.40 \dedicatoriaUno
                    {%
The control sequence at the end of the top line
of your error message was never \def'ed. If you have
misspelled it (e.g., `\hobx'), type `I' and the correct
spelling (e.g., `I\hbox'). Otherwise just continue,
and I'll forget about whatever was undefined.


! LaTeX Error: Missing \begin{document}.

See the LaTeX manual or LaTeX Companion for explanation.
Type  H <return>  for immediate help.
 ...                                              
                                                  
l.46 }
      %
You're in trouble here.  Try typing  <return>  to proceed.
If that doesn't work, type  X <return>  to quit.


Overfull \hbox (20.0pt too wide) in paragraph at lines 46--48
[]
 []


Overfull \hbox (7.43329pt too wide) in paragraph at lines 46--48
\OT1/cmr/m/it/10 A
 []


Overfull \hbox (19.16653pt too wide) in paragraph at lines 46--48
\OT1/cmr/m/it/10 nue-
 []


Overfull \hbox (20.31651pt too wide) in paragraph at lines 46--48
\OT1/cmr/m/it/10 stros
 []


Overfull \hbox (27.21646pt too wide) in paragraph at lines 46--48
\OT1/cmr/m/it/10 padres
 []

! Undefined control sequence.
l.49 \dedicatoriaDos
                    {%
The control sequence at the end of the top line
of your error message was never \def'ed. If you have
misspelled it (e.g., `\hobx'), type `I' and the correct
spelling (e.g., `I\hbox'). Otherwise just continue,
and I'll forget about whatever was undefined.


! LaTeX Error: Missing \begin{document}.

See the LaTeX manual or LaTeX Companion for explanation.
Type  H <return>  for immediate help.
 ...                                              
                                                  
l.59 }
      %
You're in trouble here.  Try typing  <return>  to proceed.
If that doesn't work, type  X <return>  to quit.


Overfull \hbox (37.65543pt too wide) in paragraph at lines 59--61
[]\OT1/cmr/m/it/10 Any
 []


Overfull \hbox (15.33324pt too wide) in paragraph at lines 59--61
\OT1/cmr/m/it/10 fool
 []


Overfull \hbox (14.82211pt too wide) in paragraph at lines 59--61
\OT1/cmr/m/it/10 can
 []


Overfull \hbox (18.78317pt too wide) in paragraph at lines 59--61
\OT1/cmr/m/it/10 crit-
 []


Overfull \hbox (6.6444pt too wide) in paragraph at lines 59--61
\OT1/cmr/m/it/10 i-
 []


Overfull \hbox (19.42209pt too wide) in paragraph at lines 59--61
\OT1/cmr/m/it/10 cize,
 []


Overfull \hbox (18.39986pt too wide) in paragraph at lines 59--61
\OT1/cmr/m/it/10 con-
 []


Overfull \hbox (23.51097pt too wide) in paragraph at lines 59--61
\OT1/cmr/m/it/10 demn
 []


Overfull \hbox (15.84436pt too wide) in paragraph at lines 59--61
\OT1/cmr/m/it/10 and
 []


Overfull \hbox (20.9554pt too wide) in paragraph at lines 59--61
\OT1/cmr/m/it/10 com-
 []


Overfull \hbox (21.46655pt too wide) in paragraph at lines 59--61
\OT1/cmr/m/it/10 plain 
 []


Overfull \hbox (3.57774pt too wide) in paragraph at lines 59--61
\OT1/cmr/m/it/10 -
 []


Overfull \hbox (15.84436pt too wide) in paragraph at lines 59--61
\OT1/cmr/m/it/10 and
 []


Overfull \hbox (20.69987pt too wide) in paragraph at lines 59--61
\OT1/cmr/m/it/10 most
 []


Overfull \hbox (19.4221pt too wide) in paragraph at lines 59--61
\OT1/cmr/m/it/10 fools
 []


Overfull \hbox (13.28882pt too wide) in paragraph at lines 59--61
\OT1/cmr/m/it/10 do.
 []


Overfull \hbox (15.72768pt too wide) in paragraph at lines 59--61
\OT1/cmr/m/it/10 But
 []


Overfull \hbox (6.38884pt too wide) in paragraph at lines 59--61
\OT1/cmr/m/it/10 it
 []


Overfull \hbox (21.72206pt too wide) in paragraph at lines 59--61
\OT1/cmr/m/it/10 takes
 []


Overfull \hbox (22.6165pt too wide) in paragraph at lines 59--61
\OT1/cmr/m/it/10 char-
 []


Overfull \hbox (13.28879pt too wide) in paragraph at lines 59--61
\OT1/cmr/m/it/10 ac-
 []


Overfull \hbox (12.13878pt too wide) in paragraph at lines 59--61
\OT1/cmr/m/it/10 ter 
 []


Overfull \hbox (15.84436pt too wide) in paragraph at lines 59--61
\OT1/cmr/m/it/10 and
 []


Overfull \hbox (17.88876pt too wide) in paragraph at lines 59--61
\OT1/cmr/m/it/10 self-
 []


Overfull \hbox (29.51643pt too wide) in paragraph at lines 59--61
\OT1/cmr/m/it/10 control
 []


Overfull \hbox (8.43327pt too wide) in paragraph at lines 59--61
\OT1/cmr/m/it/10 to
 []


Overfull \hbox (8.6888pt too wide) in paragraph at lines 59--61
\OT1/cmr/m/it/10 be
 []


Overfull \hbox (14.56657pt too wide) in paragraph at lines 59--61
\OT1/cmr/m/it/10 un-
 []


Overfull \hbox (17.50542pt too wide) in paragraph at lines 59--61
\OT1/cmr/m/it/10 der-
 []


Overfull \hbox (26.83316pt too wide) in paragraph at lines 59--61
\OT1/cmr/m/it/10 stand-
 []


Overfull \hbox (13.2888pt too wide) in paragraph at lines 59--61
\OT1/cmr/m/it/10 ing
 []


Overfull \hbox (15.84436pt too wide) in paragraph at lines 59--61
\OT1/cmr/m/it/10 and
 []


Overfull \hbox (15.9721pt too wide) in paragraph at lines 59--61
\OT1/cmr/m/it/10 for-
 []


Overfull \hbox (15.84431pt too wide) in paragraph at lines 59--61
\OT1/cmr/m/it/10 giv-
 []


Overfull \hbox (13.2888pt too wide) in paragraph at lines 59--61
\OT1/cmr/m/it/10 ing 
 []


Overfull \hbox (19.81653pt too wide) in paragraph at lines 59--61
\OT1/cmr/m/it/10 Dale
 []


Overfull \hbox (38.46082pt too wide) in paragraph at lines 59--61
\OT1/cmr/m/it/10 Carnegie
 []


Overfull \hbox (24.5332pt too wide) in paragraph at lines 59--61
\OT1/cmr/m/it/10 (1888
 []


Overfull \hbox (3.57774pt too wide) in paragraph at lines 59--61
\OT1/cmr/m/it/10 -
 []


Overfull \hbox (24.5332pt too wide) in paragraph at lines 59--61
\OT1/cmr/m/it/10 1955)
 []

! Undefined control sequence.
l.62 \makeDedicatorias
                      
The control sequence at the end of the top line
of your error message was never \def'ed. If you have
misspelled it (e.g., `\hobx'), type `I' and the correct
spelling (e.g., `I\hbox'). Otherwise just continue,
and I'll forget about whatever was undefined.

)
! Emergency stop.
<*> dedicatoria.tex
                   
*** (job aborted, no legal \end found)

 
Here is how much of TeX's memory you used:
 8 strings out of 493013
 175 string characters out of 6135682
 54320 words of memory out of 5000000
 3651 multiletter control sequences out of 15000+600000
 3986 words of font info for 15 fonts, out of 8000000 for 9000
 1141 hyphenation exceptions out of 8191
 14i,1n,10p,88b,69s stack positions out of 5000i,500n,10000p,200000b,80000s
!  ==> Fatal error occurred, no output PDF file produced!
